#
# There is insufficient memory for the Java Runtime Environment to continue.
# Native memory allocation (mmap) failed to map 266338304 bytes for Failed to commit area from 0x0000000702600000 to 0x0000000712400000 of length 266338304.
# Possible reasons:
#   The system is out of physical RAM or swap space
#   The process is running with CompressedOops enabled, and the Java Heap may be blocking the growth of the native heap
# Possible solutions:
#   Reduce memory load on the system
#   Increase physical memory or swap space
#   Check if swap backing store is full
#   Decrease Java heap size (-Xmx/-Xms)
#   Decrease number of Java threads
#   Decrease Java thread stack sizes (-Xss)
#   Set larger code cache with -XX:ReservedCodeCacheSize=
# This output file may be truncated or incomplete.
#
#  Out of Memory Error (./src/hotspot/os/windows/os_windows.cpp:3303), pid=1928, tid=10564
#
# JRE version:  (11.0.8+10) (build )
# Java VM: OpenJDK 64-Bit Server VM (11.0.8+10-b944.6842174, mixed mode, sharing, tiered, compressed oops, g1 gc, windows-amd64)
# No core dump will be written. Minidumps are not enabled by default on client versions of Windows
#

---------------  S U M M A R Y ------------

Command Line: org.jetbrains.kotlin.cli.jvm.K2JVMCompiler @D:\AndroidStudioProject\BeeKey\src\App\app\build\20210626_10897150981190643178.compiler.options

Host: Intel(R) Core(TM) i5-8300H CPU @ 2.30GHz, 8 cores, 15G,  Windows 10 , 64 bit Build 19041 (10.0.19041.1023)
Time: Sat Jun 26 02:43:22 2021 SE Asia Standard Time elapsed time: 0 seconds (0d 0h 0m 0s)

---------------  T H R E A D  ---------------

Current thread (0x000001d0aa119000):  JavaThread "Unknown thread" [_thread_in_vm, id=10564, stack(0x0000006167300000,0x0000006167400000)]

Stack: [0x0000006167300000,0x0000006167400000]
Native frames: (J=compiled Java code, j=interpreted, Vv=VM code, C=native code)
V  [jvm.dll+0x5de50a]
V  [jvm.dll+0x7122f5]
V  [jvm.dll+0x71384d]
V  [jvm.dll+0x713f03]
V  [jvm.dll+0x23e728]
V  [jvm.dll+0x5db9a4]
V  [jvm.dll+0x5d0ae5]
V  [jvm.dll+0x2fb20b]
V  [jvm.dll+0x2fb17a]
V  [jvm.dll+0x2fb052]
V  [jvm.dll+0x2fff16]
V  [jvm.dll+0x348743]
V  [jvm.dll+0x348e46]
V  [jvm.dll+0x348843]
V  [jvm.dll+0x2d5d68]
V  [jvm.dll+0x2d6f07]
V  [jvm.dll+0x6f11f7]
V  [jvm.dll+0x6f29ec]
V  [jvm.dll+0x355cb9]
V  [jvm.dll+0x6d4ade]
V  [jvm.dll+0x3bdfe3]
V  [jvm.dll+0x3c0201]
C  [jli.dll+0x5373]
C  [ucrtbase.dll+0x21bb2]
C  [KERNEL32.DLL+0x17034]
C  [ntdll.dll+0x52651]


---------------  P R O C E S S  ---------------

Threads class SMR info:
_java_thread_list=0x000001d0a9f12b90, length=0, elements={
}

Java Threads: ( => current thread )

Other Threads:
  0x000001d0aa131000 GCTaskThread "GC Thread#0" [stack: 0x0000006167400000,0x0000006167500000] [id=10792]
  0x000001d0aa18e000 ConcurrentGCThread "G1 Main Marker" [stack: 0x0000006167500000,0x0000006167600000] [id=10388]
  0x000001d0aa18f800 ConcurrentGCThread "G1 Conc#0" [stack: 0x0000006167600000,0x0000006167700000] [id=10588]

[error occurred during error reporting (printing all threads), id 0xc0000005, EXCEPTION_ACCESS_VIOLATION (0xc0000005) at pc=0x00007ffe85c06357]

VM state:not at safepoint (not fully initialized)

VM Mutex/Monitor currently owned by a thread:  ([mutex/lock_event])
[0x000001d0aa117bd0] Heap_lock - owner thread: 0x000001d0aa119000

Heap address: 0x0000000702600000, size: 4058 MB, Compressed Oops mode: Non-zero based: 0x0000000702600000
Narrow klass base: 0x0000000000000000, Narrow klass shift: 0

GC Heap History (0 events):
No events

Deoptimization events (0 events):
No events

Classes redefined (0 events):
No events

Internal exceptions (0 events):
No events

Events (1 events):
Event: 0.012 Loaded shared library P:\Android Studio\jre\bin\zip.dll


Dynamic libraries:
0x00007ff61fe90000 - 0x00007ff61fe9a000 	P:\Android Studio\jre\bin\java.exe
0x00007ffed63d0000 - 0x00007ffed65c5000 	C:\WINDOWS\SYSTEM32\ntdll.dll
0x00007ffed5620000 - 0x00007ffed56dd000 	C:\WINDOWS\System32\KERNEL32.DLL
0x00007ffed3da0000 - 0x00007ffed4068000 	C:\WINDOWS\System32\KERNELBASE.dll
0x00007ffed3ba0000 - 0x00007ffed3ca0000 	C:\WINDOWS\System32\ucrtbase.dll
0x00007ffe9a020000 - 0x00007ffe9a037000 	P:\Android Studio\jre\bin\VCRUNTIME140.dll
0x00007ffea7840000 - 0x00007ffea7859000 	P:\Android Studio\jre\bin\jli.dll
0x00007ffed4a50000 - 0x00007ffed4bf0000 	C:\WINDOWS\System32\USER32.dll
0x00007ffed4410000 - 0x00007ffed4432000 	C:\WINDOWS\System32\win32u.dll
0x00007ffeb3f20000 - 0x00007ffeb41ba000 	C:\WINDOWS\WinSxS\amd64_microsoft.windows.common-controls_6595b64144ccf1df_6.0.19041.1052_none_60b8f8fd71f5e8cb\COMCTL32.dll
0x00007ffed4bf0000 - 0x00007ffed4c1a000 	C:\WINDOWS\System32\GDI32.dll
0x00007ffed4c90000 - 0x00007ffed4d2e000 	C:\WINDOWS\System32\msvcrt.dll
0x00007ffed40d0000 - 0x00007ffed41db000 	C:\WINDOWS\System32\gdi32full.dll
0x00007ffed41e0000 - 0x00007ffed427d000 	C:\WINDOWS\System32\msvcp_win.dll
0x00007ffed6100000 - 0x00007ffed6130000 	C:\WINDOWS\System32\IMM32.DLL
0x00007ffe8f640000 - 0x00007ffe8f6dd000 	P:\Android Studio\jre\bin\msvcp140.dll
0x00007ffe85920000 - 0x00007ffe863dc000 	P:\Android Studio\jre\bin\server\jvm.dll
0x00007ffed6210000 - 0x00007ffed62bc000 	C:\WINDOWS\System32\ADVAPI32.dll
0x00007ffed56e0000 - 0x00007ffed577b000 	C:\WINDOWS\System32\sechost.dll
0x00007ffed5150000 - 0x00007ffed527b000 	C:\WINDOWS\System32\RPCRT4.dll
0x00007ffed4c80000 - 0x00007ffed4c88000 	C:\WINDOWS\System32\PSAPI.DLL
0x00007ffec7510000 - 0x00007ffec7537000 	C:\WINDOWS\SYSTEM32\WINMM.dll
0x00007ffece7a0000 - 0x00007ffece7a9000 	C:\WINDOWS\SYSTEM32\WSOCK32.dll
0x00007ffed62c0000 - 0x00007ffed632b000 	C:\WINDOWS\System32\WS2_32.dll
0x00007ffec08b0000 - 0x00007ffec08ba000 	C:\WINDOWS\SYSTEM32\VERSION.dll
0x00007ffed1a60000 - 0x00007ffed1a72000 	C:\WINDOWS\SYSTEM32\kernel.appcore.dll
0x00007ffeb3420000 - 0x00007ffeb3431000 	P:\Android Studio\jre\bin\verify.dll
0x00007ffebe470000 - 0x00007ffebe654000 	C:\WINDOWS\SYSTEM32\DBGHELP.DLL
0x00007ffebe6e0000 - 0x00007ffebe70c000 	C:\WINDOWS\SYSTEM32\dbgcore.DLL
0x00007ffed3b10000 - 0x00007ffed3b93000 	C:\WINDOWS\System32\bcryptPrimitives.dll
0x00007ffeb2fb0000 - 0x00007ffeb2fd9000 	P:\Android Studio\jre\bin\java.dll
0x00007ffece6b0000 - 0x00007ffece6bb000 	P:\Android Studio\jre\bin\jimage.dll
0x00007ffeacea0000 - 0x00007ffeaceb8000 	P:\Android Studio\jre\bin\zip.dll

dbghelp: loaded successfully - version: 4.0.5 - missing functions: none
symbol engine: initialized successfully - sym options: 0x614 - pdb path: .;P:\Android Studio\jre\bin;C:\WINDOWS\SYSTEM32;C:\WINDOWS\WinSxS\amd64_microsoft.windows.common-controls_6595b64144ccf1df_6.0.19041.1052_none_60b8f8fd71f5e8cb;P:\Android Studio\jre\bin\server

VM Arguments:
java_command: org.jetbrains.kotlin.cli.jvm.K2JVMCompiler @D:\AndroidStudioProject\BeeKey\src\App\app\build\20210626_10897150981190643178.compiler.options
java_class_path (initial): C:\Users\VuongPhuc\.gradle\caches\modules-2\files-2.1\org.jetbrains.kotlin\kotlin-compiler-embeddable\1.5.10\9c35134a025cab7a1e6eee0d87d241c2f30c1218\kotlin-compiler-embeddable-1.5.10.jar;C:\Users\VuongPhuc\.gradle\caches\modules-2\files-2.1\org.jetbrains.kotlin\kotlin-reflect\1.5.10\d6c70f3c0df2457ea0095c61c1fc1188017dc3bc\kotlin-reflect-1.5.10.jar;C:\Users\VuongPhuc\.gradle\caches\modules-2\files-2.1\org.jetbrains.kotlin\kotlin-stdlib\1.5.10\da6a904b132f0402fa4d79169a3c1770598d4702\kotlin-stdlib-1.5.10.jar;C:\Users\VuongPhuc\.gradle\caches\modules-2\files-2.1\org.jetbrains.kotlin\kotlin-script-runtime\1.5.10\69bad0ece91b0797055aeadbd44dc742c458398b\kotlin-script-runtime-1.5.10.jar;C:\Users\VuongPhuc\.gradle\caches\modules-2\files-2.1\org.jetbrains.kotlin\kotlin-daemon-embeddable\1.5.10\d06ad33b62b041dae0609f830c3b48135d53b8bc\kotlin-daemon-embeddable-1.5.10.jar;C:\Users\VuongPhuc\.gradle\caches\modules-2\files-2.1\org.jetbrains.intellij.deps\trove4j\1.0.20181211\216c2e14b070f334479d800987affe4054cd563f\trove4j-1.0.20181211.jar;C:\Users\VuongPhuc\.gradle\caches\modules-2\files-2.1\org.jetbrains\annotations\13.0\919f0dfe192fb4e063e7dacadee7f8bb9a2672a9\annotations-13.0.jar;C:\Users\VuongPhuc\.gradle\caches\modules-2\files-2.1\org.jetbrains.kotlin\kotlin-stdlib-common\1.5.10\6b84d926e28493be69daf673e40076f89492ef7\kotlin-stdlib-common-1.5.10.jar
Launcher Type: SUN_STANDARD

[Global flags]
     intx CICompilerCount                          = 4                                         {product} {ergonomic}
     uint ConcGCThreads                            = 2                                         {product} {ergonomic}
     uint G1ConcRefinementThreads                  = 8                                         {product} {ergonomic}
   size_t G1HeapRegionSize                         = 1048576                                   {product} {ergonomic}
    uintx GCDrainStackTargetSize                   = 64                                        {product} {ergonomic}
   size_t InitialHeapSize                          = 266338304                                 {product} {ergonomic}
   size_t MarkStackSize                            = 4194304                                   {product} {ergonomic}
   size_t MaxHeapSize                              = 4255121408                                {product} {ergonomic}
   size_t MinHeapDeltaBytes                        = 1048576                                   {product} {ergonomic}
    uintx NonNMethodCodeHeapSize                   = 5836300                                {pd product} {ergonomic}
    uintx NonProfiledCodeHeapSize                  = 122910970                              {pd product} {ergonomic}
    uintx ProfiledCodeHeapSize                     = 122910970                              {pd product} {ergonomic}
    uintx ReservedCodeCacheSize                    = 251658240                              {pd product} {ergonomic}
     bool SegmentedCodeCache                       = true                                      {product} {ergonomic}
     bool UseCompressedClassPointers               = true                                 {lp64_product} {ergonomic}
     bool UseCompressedOops                        = true                                 {lp64_product} {ergonomic}
     bool UseG1GC                                  = true                                      {product} {ergonomic}
     bool UseLargePagesIndividualAllocation        = false                                  {pd product} {ergonomic}

Logging:
Log output configuration:
 #0: stdout all=warning uptime,level,tags
 #1: stderr all=off uptime,level,tags

Environment Variables:
PATH=P:\VMware\VMware Workstation\bin\;P:\Python39\Scripts\;P:\Python39\;C:\WINDOWS\system32;C:\WINDOWS;C:\WINDOWS\System32\Wbem;C:\WINDOWS\System32\WindowsPowerShell\v1.0\;C:\WINDOWS\System32\OpenSSH\;C:\Program Files\dotnet\;C:\Program Files\Microsoft SQL Server\130\Tools\Binn\;P:\Git\cmd;C:\MinGW\bin;C:\Program Files (x86)\Microsoft SQL Server\150\Tools\Binn\;C:\Program Files\Microsoft SQL Server\150\Tools\Binn\;C:\Program Files (x86)\Microsoft SQL Server\150\DTS\Binn\;C:\Program Files\Microsoft SQL Server\150\DTS\Binn\;C:\Program Files\Microsoft SQL Server\Client SDK\ODBC\170\Tools\Binn\;P:\nodejs\;P:\PuTTY\;C:\Users\VuongPhuc\AppData\Local\Microsoft\WindowsApps;C:\Users\VuongPhuc\.dotnet\tools;C:\MinGW\bin;D:\MyUtil;C:\Users\VuongPhuc\AppData\Roaming\npm;P:\ngrok;P:\Microsoft VS Code\bin
USERNAME=VuongPhuc
OS=Windows_NT
PROCESSOR_IDENTIFIER=Intel64 Family 6 Model 158 Stepping 10, GenuineIntel



---------------  S Y S T E M  ---------------

OS: Windows 10 , 64 bit Build 19041 (10.0.19041.1023)
OS uptime: 13 days 5:46 hours

CPU:total 8 (initial active 8) (4 cores per cpu, 2 threads per core) family 6 model 158 stepping 10, cmov, cx8, fxsr, mmx, sse, sse2, sse3, ssse3, sse4.1, sse4.2, popcnt, avx, avx2, aes, clmul, erms, 3dnowpref, lzcnt, ht, tsc, tscinvbit, bmi1, bmi2, adx, fma

Memory: 4k page, system-wide physical 16226M (350M free)
TotalPageFile size 31411M (AvailPageFile size 72M)
current process WorkingSet (physical memory assigned to process): 10M, peak: 10M
current process commit charge ("private bytes"): 60M, peak: 314M

vm_info: OpenJDK 64-Bit Server VM (11.0.8+10-b944.6842174) for windows-amd64 JRE (11.0.8+10-b944.6842174), built on Sep 19 2020 01:11:42 by "builder" with MS VC++ 14.0 (VS2015)

END.
